Copyright 1986-2022 Xilinx, Inc. All Rights Reserved. Copyright 2022-2024 Advanced Micro Devices, Inc. All Rights Reserved.
--------------------------------------------------------------------------------------------------------------------------------------------------------------------------
| Tool Version : Vivado v.2024.1 (win64) Build 5076996 Wed May 22 18:37:14 MDT 2024
| Date         : Thu Dec  5 18:16:48 2024
| Host         : GOSU running 64-bit major release  (build 9200)
| Command      : report_methodology -file SSD_toplevel_methodology_drc_routed.rpt -pb SSD_toplevel_methodology_drc_routed.pb -rpx SSD_toplevel_methodology_drc_routed.rpx
| Design       : SSD_toplevel
| Device       : xc7a100tcsg324-1
| Speed File   : -1
| Design State : Fully Routed
--------------------------------------------------------------------------------------------------------------------------------------------------------------------------

Report Methodology

Table of Contents
-----------------
1. REPORT SUMMARY
2. REPORT DETAILS

1. REPORT SUMMARY
-----------------
            Netlist: netlist
          Floorplan: design_1
      Design limits: <entire design considered>
             Max violations: <unlimited>
             Violations found: 50
+-----------+------------------+--------------------------------+------------+
| Rule      | Severity         | Description                    | Violations |
+-----------+------------------+--------------------------------+------------+
| TIMING-17 | Critical Warning | Non-clocked sequential cell    | 16         |
| LUTAR-1   | Warning          | LUT drives async reset alert   | 1          |
| TIMING-18 | Warning          | Missing input or output delay  | 7          |
| TIMING-20 | Warning          | Non-clocked latch              | 25         |
| LATCH-1   | Advisory         | Existing latches in the design | 1          |
+-----------+------------------+--------------------------------+------------+

2. REPORT DETAILS
-----------------
TIMING-17#1 Critical Warning
Non-clocked sequential cell  
The clock pin SEVENSEGMENTDISPLAY/AN2_reg[0]/C is not reached by a timing clock
Related violations: <none>

TIMING-17#2 Critical Warning
Non-clocked sequential cell  
The clock pin SEVENSEGMENTDISPLAY/AN2_reg[1]/C is not reached by a timing clock
Related violations: <none>

TIMING-17#3 Critical Warning
Non-clocked sequential cell  
The clock pin SEVENSEGMENTDISPLAY/AN2_reg[2]/C is not reached by a timing clock
Related violations: <none>

TIMING-17#4 Critical Warning
Non-clocked sequential cell  
The clock pin SEVENSEGMENTDISPLAY/AN2_reg[3]/C is not reached by a timing clock
Related violations: <none>

TIMING-17#5 Critical Warning
Non-clocked sequential cell  
The clock pin SEVENSEGMENTDISPLAY/AN2_reg[4]/C is not reached by a timing clock
Related violations: <none>

TIMING-17#6 Critical Warning
Non-clocked sequential cell  
The clock pin SEVENSEGMENTDISPLAY/CA2_reg/C is not reached by a timing clock
Related violations: <none>

TIMING-17#7 Critical Warning
Non-clocked sequential cell  
The clock pin SEVENSEGMENTDISPLAY/CB2_reg/C is not reached by a timing clock
Related violations: <none>

TIMING-17#8 Critical Warning
Non-clocked sequential cell  
The clock pin SEVENSEGMENTDISPLAY/CC2_reg/C is not reached by a timing clock
Related violations: <none>

TIMING-17#9 Critical Warning
Non-clocked sequential cell  
The clock pin SEVENSEGMENTDISPLAY/CD2_reg/C is not reached by a timing clock
Related violations: <none>

TIMING-17#10 Critical Warning
Non-clocked sequential cell  
The clock pin SEVENSEGMENTDISPLAY/CE2_reg/C is not reached by a timing clock
Related violations: <none>

TIMING-17#11 Critical Warning
Non-clocked sequential cell  
The clock pin SEVENSEGMENTDISPLAY/CF2_reg/C is not reached by a timing clock
Related violations: <none>

TIMING-17#12 Critical Warning
Non-clocked sequential cell  
The clock pin SEVENSEGMENTDISPLAY/CG2_reg/C is not reached by a timing clock
Related violations: <none>

TIMING-17#13 Critical Warning
Non-clocked sequential cell  
The clock pin SEVENSEGMENTDISPLAY/DP2_reg/C is not reached by a timing clock
Related violations: <none>

TIMING-17#14 Critical Warning
Non-clocked sequential cell  
The clock pin SEVENSEGMENTDISPLAY/FSM_sequential_digit_select_reg[0]/C is not reached by a timing clock
Related violations: <none>

TIMING-17#15 Critical Warning
Non-clocked sequential cell  
The clock pin SEVENSEGMENTDISPLAY/FSM_sequential_digit_select_reg[1]/C is not reached by a timing clock
Related violations: <none>

TIMING-17#16 Critical Warning
Non-clocked sequential cell  
The clock pin SEVENSEGMENTDISPLAY/FSM_sequential_digit_select_reg[2]/C is not reached by a timing clock
Related violations: <none>

LUTAR-1#1 Warning
LUT drives async reset alert  
LUT cell CLK_DIV_1/FSM_onehot_present_state[8]_i_1, with 2 or more inputs, drives asynchronous preset/clear pin(s) ADT/counter_reg[25]/CLR, ADT/counter_reg[26]/CLR, ADT/counter_reg[27]/CLR,
ADT/counter_reg[28]/CLR, ADT/counter_reg[29]/CLR, ADT/counter_reg[2]/CLR,
ADT/counter_reg[30]/CLR, ADT/counter_reg[31]/CLR, ADT/counter_reg[3]/CLR,
ADT/counter_reg[4]/CLR, ADT/counter_reg[5]/CLR, ADT/counter_reg[6]/CLR,
ADT/counter_reg[7]/CLR, ADT/counter_reg[8]/CLR, ADT/counter_reg[9]/CLR
 (the first 15 of 41 listed). The LUT may glitch and trigger an unexpected reset, even if it is a properly timed path.
Related violations: <none>

TIMING-18#1 Warning
Missing input or output delay  
An input delay is missing on AD2_SCL relative to the rising and/or falling clock edge(s) of sys_clk_pin.
Related violations: <none>

TIMING-18#2 Warning
Missing input or output delay  
An input delay is missing on AD2_SDA relative to the rising and/or falling clock edge(s) of sys_clk_pin.
Related violations: <none>

TIMING-18#3 Warning
Missing input or output delay  
An input delay is missing on CPU_RESETN relative to the rising and/or falling clock edge(s) of sys_clk_pin.
Related violations: <none>

TIMING-18#4 Warning
Missing input or output delay  
An output delay is missing on AD2_SCL relative to the rising and/or falling clock edge(s) of sys_clk_pin.
Related violations: <none>

TIMING-18#5 Warning
Missing input or output delay  
An output delay is missing on AD2_SDA relative to the rising and/or falling clock edge(s) of sys_clk_pin.
Related violations: <none>

TIMING-18#6 Warning
Missing input or output delay  
An output delay is missing on LED16_G relative to the rising and/or falling clock edge(s) of sys_clk_pin.
Related violations: <none>

TIMING-18#7 Warning
Missing input or output delay  
An output delay is missing on LED17_R relative to the rising and/or falling clock edge(s) of sys_clk_pin.
Related violations: <none>

TIMING-20#1 Warning
Non-clocked latch  
The latch ADT/DATA_OUT_reg[0] cannot be properly analyzed as its control pin ADT/DATA_OUT_reg[0]/G is not reached by a timing clock
Related violations: <none>

TIMING-20#2 Warning
Non-clocked latch  
The latch ADT/DATA_OUT_reg[10] cannot be properly analyzed as its control pin ADT/DATA_OUT_reg[10]/G is not reached by a timing clock
Related violations: <none>

TIMING-20#3 Warning
Non-clocked latch  
The latch ADT/DATA_OUT_reg[11] cannot be properly analyzed as its control pin ADT/DATA_OUT_reg[11]/G is not reached by a timing clock
Related violations: <none>

TIMING-20#4 Warning
Non-clocked latch  
The latch ADT/DATA_OUT_reg[12] cannot be properly analyzed as its control pin ADT/DATA_OUT_reg[12]/G is not reached by a timing clock
Related violations: <none>

TIMING-20#5 Warning
Non-clocked latch  
The latch ADT/DATA_OUT_reg[13] cannot be properly analyzed as its control pin ADT/DATA_OUT_reg[13]/G is not reached by a timing clock
Related violations: <none>

TIMING-20#6 Warning
Non-clocked latch  
The latch ADT/DATA_OUT_reg[14] cannot be properly analyzed as its control pin ADT/DATA_OUT_reg[14]/G is not reached by a timing clock
Related violations: <none>

TIMING-20#7 Warning
Non-clocked latch  
The latch ADT/DATA_OUT_reg[15] cannot be properly analyzed as its control pin ADT/DATA_OUT_reg[15]/G is not reached by a timing clock
Related violations: <none>

TIMING-20#8 Warning
Non-clocked latch  
The latch ADT/DATA_OUT_reg[1] cannot be properly analyzed as its control pin ADT/DATA_OUT_reg[1]/G is not reached by a timing clock
Related violations: <none>

TIMING-20#9 Warning
Non-clocked latch  
The latch ADT/DATA_OUT_reg[2] cannot be properly analyzed as its control pin ADT/DATA_OUT_reg[2]/G is not reached by a timing clock
Related violations: <none>

TIMING-20#10 Warning
Non-clocked latch  
The latch ADT/DATA_OUT_reg[3] cannot be properly analyzed as its control pin ADT/DATA_OUT_reg[3]/G is not reached by a timing clock
Related violations: <none>

TIMING-20#11 Warning
Non-clocked latch  
The latch ADT/DATA_OUT_reg[4] cannot be properly analyzed as its control pin ADT/DATA_OUT_reg[4]/G is not reached by a timing clock
Related violations: <none>

TIMING-20#12 Warning
Non-clocked latch  
The latch ADT/DATA_OUT_reg[5] cannot be properly analyzed as its control pin ADT/DATA_OUT_reg[5]/G is not reached by a timing clock
Related violations: <none>

TIMING-20#13 Warning
Non-clocked latch  
The latch ADT/DATA_OUT_reg[6] cannot be properly analyzed as its control pin ADT/DATA_OUT_reg[6]/G is not reached by a timing clock
Related violations: <none>

TIMING-20#14 Warning
Non-clocked latch  
The latch ADT/DATA_OUT_reg[7] cannot be properly analyzed as its control pin ADT/DATA_OUT_reg[7]/G is not reached by a timing clock
Related violations: <none>

TIMING-20#15 Warning
Non-clocked latch  
The latch ADT/DATA_OUT_reg[8] cannot be properly analyzed as its control pin ADT/DATA_OUT_reg[8]/G is not reached by a timing clock
Related violations: <none>

TIMING-20#16 Warning
Non-clocked latch  
The latch ADT/DATA_OUT_reg[9] cannot be properly analyzed as its control pin ADT/DATA_OUT_reg[9]/G is not reached by a timing clock
Related violations: <none>

TIMING-20#17 Warning
Non-clocked latch  
The latch ADT/FSM_onehot_next_state_reg[0] cannot be properly analyzed as its control pin ADT/FSM_onehot_next_state_reg[0]/G is not reached by a timing clock
Related violations: <none>

TIMING-20#18 Warning
Non-clocked latch  
The latch ADT/FSM_onehot_next_state_reg[1] cannot be properly analyzed as its control pin ADT/FSM_onehot_next_state_reg[1]/G is not reached by a timing clock
Related violations: <none>

TIMING-20#19 Warning
Non-clocked latch  
The latch ADT/FSM_onehot_next_state_reg[2] cannot be properly analyzed as its control pin ADT/FSM_onehot_next_state_reg[2]/G is not reached by a timing clock
Related violations: <none>

TIMING-20#20 Warning
Non-clocked latch  
The latch ADT/FSM_onehot_next_state_reg[3] cannot be properly analyzed as its control pin ADT/FSM_onehot_next_state_reg[3]/G is not reached by a timing clock
Related violations: <none>

TIMING-20#21 Warning
Non-clocked latch  
The latch ADT/FSM_onehot_next_state_reg[4] cannot be properly analyzed as its control pin ADT/FSM_onehot_next_state_reg[4]/G is not reached by a timing clock
Related violations: <none>

TIMING-20#22 Warning
Non-clocked latch  
The latch ADT/FSM_onehot_next_state_reg[5] cannot be properly analyzed as its control pin ADT/FSM_onehot_next_state_reg[5]/G is not reached by a timing clock
Related violations: <none>

TIMING-20#23 Warning
Non-clocked latch  
The latch ADT/FSM_onehot_next_state_reg[6] cannot be properly analyzed as its control pin ADT/FSM_onehot_next_state_reg[6]/G is not reached by a timing clock
Related violations: <none>

TIMING-20#24 Warning
Non-clocked latch  
The latch ADT/FSM_onehot_next_state_reg[7] cannot be properly analyzed as its control pin ADT/FSM_onehot_next_state_reg[7]/G is not reached by a timing clock
Related violations: <none>

TIMING-20#25 Warning
Non-clocked latch  
The latch ADT/FSM_onehot_next_state_reg[8] cannot be properly analyzed as its control pin ADT/FSM_onehot_next_state_reg[8]/G is not reached by a timing clock
Related violations: <none>

LATCH-1#1 Advisory
Existing latches in the design  
There are 25 latches found in the design. Inferred latches are often the result of HDL coding mistakes, such as incomplete if or case statements.
Related violations: <none>


